.log
.log.txt
.logs
._log
.logs.txt
._logs
log.inc
log.tpl
blog.db
log.reg
logon.h
log.sql
web.log
log.txt
log.xml
blog.ini
logo.fla
blog.sql
login.vm
blog.tpl
test.log
blog.xml
logs.txt
cron.log
logo.svg
logo.xcf
logo.tpl
log.tmpl
debug.log
blog.info
error.log
.gwt-logs
log4j.xml
server.log
change.log
config.log
dblog.info
DB_log.ldf
errors.log
log.README
ws_ftp.log
extapi.log
modify.log
access.log
changes.log
syslog.info
Blog.hbm.xml
log_user.log
changelog.log
changelog.xml
LastBuild.log
log.schema.xml
change_log.txt
blog.pages.inc
tasklogs.en.txt
application.log
NORTHWND_log.ldf
Database_log.LDF
admin_access.log
